{"total": {"lines":{"total":3837,"covered":269,"skipped":0,"pct":7.01},"statements":{"total":3837,"covered":269,"skipped":0,"pct":7.01},"functions":{"total":36,"covered":14,"skipped":0,"pct":38.88},"branches":{"total":93,"covered":56,"skipped":0,"pct":60.21},"branchesTrue":{"total":0,"covered":0,"skipped":0,"pct":100}}
,"/Users/guchaill/Coding/Capstone_Guided_Chinese_Chess/client/Interface/src/App.tsx": {"lines":{"total":998,"covered":0,"skipped":0,"pct":0},"functions":{"total":1,"covered":0,"skipped":0,"pct":0},"statements":{"total":998,"covered":0,"skipped":0,"pct":0},"branches":{"total":1,"covered":0,"skipped":0,"pct":0}}
,"/Users/guchaill/Coding/Capstone_Guided_Chinese_Chess/client/Interface/src/main.tsx": {"lines":{"total":18,"covered":0,"skipped":0,"pct":0},"functions":{"total":1,"covered":0,"skipped":0,"pct":0},"statements":{"total":18,"covered":0,"skipped":0,"pct":0},"branches":{"total":1,"covered":0,"skipped":0,"pct":0}}
,"/Users/guchaill/Coding/Capstone_Guided_Chinese_Chess/client/Interface/src/components/AgentNode.tsx": {"lines":{"total":52,"covered":0,"skipped":0,"pct":0},"functions":{"total":1,"covered":0,"skipped":0,"pct":0},"statements":{"total":52,"covered":0,"skipped":0,"pct":0},"branches":{"total":1,"covered":0,"skipped":0,"pct":0}}
,"/Users/guchaill/Coding/Capstone_Guided_Chinese_Chess/client/Interface/src/components/AgentStateGraph.tsx": {"lines":{"total":41,"covered":0,"skipped":0,"pct":0},"functions":{"total":1,"covered":0,"skipped":0,"pct":0},"statements":{"total":41,"covered":0,"skipped":0,"pct":0},"branches":{"total":1,"covered":0,"skipped":0,"pct":0}}
,"/Users/guchaill/Coding/Capstone_Guided_Chinese_Chess/client/Interface/src/components/ChatPanel.tsx": {"lines":{"total":256,"covered":146,"skipped":0,"pct":57.03},"functions":{"total":7,"covered":5,"skipped":0,"pct":71.42},"statements":{"total":256,"covered":146,"skipped":0,"pct":57.03},"branches":{"total":32,"covered":21,"skipped":0,"pct":65.62}}
,"/Users/guchaill/Coding/Capstone_Guided_Chinese_Chess/client/Interface/src/components/ChessBoard.tsx": {"lines":{"total":244,"covered":0,"skipped":0,"pct":0},"functions":{"total":1,"covered":0,"skipped":0,"pct":0},"statements":{"total":244,"covered":0,"skipped":0,"pct":0},"branches":{"total":1,"covered":0,"skipped":0,"pct":0}}
,"/Users/guchaill/Coding/Capstone_Guided_Chinese_Chess/client/Interface/src/components/EndTurnButton.tsx": {"lines":{"total":48,"covered":0,"skipped":0,"pct":0},"functions":{"total":1,"covered":0,"skipped":0,"pct":0},"statements":{"total":48,"covered":0,"skipped":0,"pct":0},"branches":{"total":1,"covered":0,"skipped":0,"pct":0}}
,"/Users/guchaill/Coding/Capstone_Guided_Chinese_Chess/client/Interface/src/components/GameInfo.tsx": {"lines":{"total":78,"covered":0,"skipped":0,"pct":0},"functions":{"total":1,"covered":0,"skipped":0,"pct":0},"statements":{"total":78,"covered":0,"skipped":0,"pct":0},"branches":{"total":1,"covered":0,"skipped":0,"pct":0}}
,"/Users/guchaill/Coding/Capstone_Guided_Chinese_Chess/client/Interface/src/components/GameOverModal.tsx": {"lines":{"total":36,"covered":0,"skipped":0,"pct":0},"functions":{"total":1,"covered":0,"skipped":0,"pct":0},"statements":{"total":36,"covered":0,"skipped":0,"pct":0},"branches":{"total":1,"covered":0,"skipped":0,"pct":0}}
,"/Users/guchaill/Coding/Capstone_Guided_Chinese_Chess/client/Interface/src/components/Piece.tsx": {"lines":{"total":22,"covered":0,"skipped":0,"pct":0},"functions":{"total":1,"covered":0,"skipped":0,"pct":0},"statements":{"total":22,"covered":0,"skipped":0,"pct":0},"branches":{"total":1,"covered":0,"skipped":0,"pct":0}}
,"/Users/guchaill/Coding/Capstone_Guided_Chinese_Chess/client/Interface/src/components/VoiceControl.tsx": {"lines":{"total":164,"covered":0,"skipped":0,"pct":0},"functions":{"total":1,"covered":0,"skipped":0,"pct":0},"statements":{"total":164,"covered":0,"skipped":0,"pct":0},"branches":{"total":1,"covered":0,"skipped":0,"pct":0}}
,"/Users/guchaill/Coding/Capstone_Guided_Chinese_Chess/client/Interface/src/hooks/useChessVoiceCommands.ts": {"lines":{"total":260,"covered":0,"skipped":0,"pct":0},"functions":{"total":1,"covered":0,"skipped":0,"pct":0},"statements":{"total":260,"covered":0,"skipped":0,"pct":0},"branches":{"total":1,"covered":0,"skipped":0,"pct":0}}
,"/Users/guchaill/Coding/Capstone_Guided_Chinese_Chess/client/Interface/src/hooks/useGameState.ts": {"lines":{"total":160,"covered":0,"skipped":0,"pct":0},"functions":{"total":1,"covered":0,"skipped":0,"pct":0},"statements":{"total":160,"covered":0,"skipped":0,"pct":0},"branches":{"total":1,"covered":0,"skipped":0,"pct":0}}
,"/Users/guchaill/Coding/Capstone_Guided_Chinese_Chess/client/Interface/src/hooks/useWebSocket.ts": {"lines":{"total":155,"covered":0,"skipped":0,"pct":0},"functions":{"total":1,"covered":0,"skipped":0,"pct":0},"statements":{"total":155,"covered":0,"skipped":0,"pct":0},"branches":{"total":1,"covered":0,"skipped":0,"pct":0}}
,"/Users/guchaill/Coding/Capstone_Guided_Chinese_Chess/client/Interface/src/pages/AgentsPage.tsx": {"lines":{"total":491,"covered":0,"skipped":0,"pct":0},"functions":{"total":1,"covered":0,"skipped":0,"pct":0},"statements":{"total":491,"covered":0,"skipped":0,"pct":0},"branches":{"total":1,"covered":0,"skipped":0,"pct":0}}
,"/Users/guchaill/Coding/Capstone_Guided_Chinese_Chess/client/Interface/src/pages/HardwarePage.tsx": {"lines":{"total":577,"covered":0,"skipped":0,"pct":0},"functions":{"total":1,"covered":0,"skipped":0,"pct":0},"statements":{"total":577,"covered":0,"skipped":0,"pct":0},"branches":{"total":1,"covered":0,"skipped":0,"pct":0}}
,"/Users/guchaill/Coding/Capstone_Guided_Chinese_Chess/client/Interface/src/services/speech/SpeechService.ts": {"lines":{"total":88,"covered":0,"skipped":0,"pct":0},"functions":{"total":1,"covered":1,"skipped":0,"pct":100},"statements":{"total":88,"covered":0,"skipped":0,"pct":0},"branches":{"total":1,"covered":1,"skipped":0,"pct":100}}
,"/Users/guchaill/Coding/Capstone_Guided_Chinese_Chess/client/Interface/src/types/agentState.ts": {"lines":{"total":0,"covered":0,"skipped":0,"pct":100},"functions":{"total":1,"covered":1,"skipped":0,"pct":100},"statements":{"total":0,"covered":0,"skipped":0,"pct":100},"branches":{"total":1,"covered":1,"skipped":0,"pct":100}}
,"/Users/guchaill/Coding/Capstone_Guided_Chinese_Chess/client/Interface/src/types/index.ts": {"lines":{"total":56,"covered":40,"skipped":0,"pct":71.42},"functions":{"total":5,"covered":0,"skipped":0,"pct":0},"statements":{"total":56,"covered":40,"skipped":0,"pct":71.42},"branches":{"total":0,"covered":0,"skipped":0,"pct":100}}
,"/Users/guchaill/Coding/Capstone_Guided_Chinese_Chess/client/Interface/src/types/turnPhase.ts": {"lines":{"total":0,"covered":0,"skipped":0,"pct":100},"functions":{"total":1,"covered":1,"skipped":0,"pct":100},"statements":{"total":0,"covered":0,"skipped":0,"pct":100},"branches":{"total":1,"covered":1,"skipped":0,"pct":100}}
,"/Users/guchaill/Coding/Capstone_Guided_Chinese_Chess/client/Interface/src/utils/fenMoveDiff.ts": {"lines":{"total":93,"covered":83,"skipped":0,"pct":89.24},"functions":{"total":6,"covered":6,"skipped":0,"pct":100},"statements":{"total":93,"covered":83,"skipped":0,"pct":89.24},"branches":{"total":43,"covered":32,"skipped":0,"pct":74.41}}
}
